<?xml version="1.0" encoding="UTF-8"?>
<!-- Generated by org.testng.reporters.JUnitReportReporter -->
<testsuite hostname="DESKTOP-IEPVL3O" failures="0" tests="1" name="com.kennect.qa.test.PatientTest" time="16.866" errors="0" timestamp="2024-11-30T21:02:06 IST" skipped="0">
  <testcase classname="com.kennect.qa.test.PatientTest" name="validatePatientTest" time="16.866"/>
  <system-out/>
</testsuite> <!-- com.kennect.qa.test.PatientTest -->
