<?xml version="1.0" encoding="UTF-8"?>
<!-- Generated by org.testng.reporters.JUnitReportReporter -->
<testsuite hostname="DESKTOP-IEPVL3O" failures="0" tests="2" name="com.kennect.qa.test.LoginTest" time="5.689" errors="0" timestamp="2024-11-30T20:54:47 IST" skipped="1">
  <testcase classname="com.kennect.qa.test.LoginTest" name="validLogin" time="5.689"/>
  <system-out/>
  <testcase classname="com.kennect.qa.test.LoginTest" name="invalidLogin">
    <skipped/>
  </testcase> <!-- invalidLogin -->
  <system-out/>
</testsuite> <!-- com.kennect.qa.test.LoginTest -->
