<?xml version="1.0" encoding="UTF-8"?>
<!-- Generated by org.testng.reporters.JUnitReportReporter -->
<testsuite hostname="DESKTOP-IEPVL3O" failures="0" tests="1" name="com.kennect.qa.test.HomePageTest" time="9.634" errors="0" timestamp="2024-11-30T20:54:47 IST" skipped="0">
  <testcase classname="com.kennect.qa.test.HomePageTest" name="validateTestCostCalculator" time="9.634"/>
  <system-out/>
</testsuite> <!-- com.kennect.qa.test.HomePageTest -->
